{"numFailedTestSuites":0,"numFailedTests":0,"numPassedTestSuites":1,"numPassedTests":2,"numPendingTestSuites":0,"numPendingTests":0,"numRuntimeErrorTestSuites":0,"numTodoTests":0,"numTotalTestSuites":1,"numTotalTests":2,"openHandles":[],"snapshot":{"added":0,"didUpdate":false,"failure":false,"filesAdded":0,"filesRemoved":0,"filesRemovedList":[],"filesUnmatched":0,"filesUpdated":0,"matched":0,"total":0,"unchecked":0,"uncheckedKeysByFile":[],"unmatched":0,"updated":0},"startTime":1738106203465,"success":true,"testResults":[{"assertionResults":[{"ancestorTitles":["LoginPage"],"failureMessages":[],"fullName":"LoginPage affiche le formulaire avec les champs email et mot de passe","location":null,"status":"passed","title":"affiche le formulaire avec les champs email et mot de passe"},{"ancestorTitles":["LoginPage"],"failureMessages":[],"fullName":"LoginPage affiche un message d’erreur en cas de connexion échouée","location":null,"status":"passed","title":"affiche un message d’erreur en cas de connexion échouée"}],"endTime":1738106203946,"message":"","name":"/Users/pryet/Projet.JULIEN.Lauryne.2024/frontend/src/components/LoginPage.test.js","startTime":1738106203697,"status":"passed","summary":""}],"wasInterrupted":false}